Flow report for DE10_Lite_First_Computer
Wed May 02 18:40:08 2018
Quartus Prime Version 16.1.2 Build 203 01/18/2017 SJ Lite Edition


---------------------
; Table of Contents ;
---------------------
  1. Legal Notice
  2. Flow Summary
  3. Flow Settings
  4. Flow Non-Default Global Settings
  5. Flow Elapsed Time
  6. Flow OS Summary
  7. Flow Log
  8. Flow Messages
  9. Flow Suppressed Messages



----------------
; Legal Notice ;
----------------
Copyright (C) 2017  Intel Corporation. All rights reserved.
Your use of Intel Corporation's design tools, logic functions 
and other software and tools, and its AMPP partner logic 
functions, and any output files from any of the foregoing 
(including device programming or simulation files), and any 
associated documentation or information are expressly subject 
to the terms and conditions of the Intel Program License 
Subscription Agreement, the Intel Quartus Prime License Agreement,
the Intel MegaCore Function License Agreement, or other 
applicable license agreement, including, without limitation, 
that your use is for the sole purpose of programming logic 
devices manufactured by Intel and sold by Intel or its 
authorized distributors.  Please refer to the applicable 
agreement for further details.



+----------------------------------------------------------------------------------+
; Flow Summary                                                                     ;
+------------------------------------+---------------------------------------------+
; Flow Status                        ; Successful - Wed May 02 18:39:54 2018       ;
; Quartus Prime Version              ; 16.1.2 Build 203 01/18/2017 SJ Lite Edition ;
; Revision Name                      ; DE10_Lite_First_Computer                    ;
; Top-level Entity Name              ; DE10_Lite_First_Computer                    ;
; Family                             ; MAX 10                                      ;
; Device                             ; 10M50DAF484C7G                              ;
; Timing Models                      ; Final                                       ;
; Total logic elements               ; 5,396 / 49,760 ( 11 % )                     ;
;     Total combinational functions  ; 4,500 / 49,760 ( 9 % )                      ;
;     Dedicated logic registers      ; 3,489 / 49,760 ( 7 % )                      ;
; Total registers                    ; 3558                                        ;
; Total pins                         ; 129 / 360 ( 36 % )                          ;
; Total virtual pins                 ; 0                                           ;
; Total memory bits                  ; 66,664 / 1,677,312 ( 4 % )                  ;
; Embedded Multiplier 9-bit elements ; 6 / 288 ( 2 % )                             ;
; Total PLLs                         ; 1 / 4 ( 25 % )                              ;
; UFM blocks                         ; 0 / 1 ( 0 % )                               ;
; ADC blocks                         ; 0 / 2 ( 0 % )                               ;
+------------------------------------+---------------------------------------------+


+----------------------------------------------+
; Flow Settings                                ;
+-------------------+--------------------------+
; Option            ; Setting                  ;
+-------------------+--------------------------+
; Start date & time ; 05/02/2018 18:37:13      ;
; Main task         ; Compilation              ;
; Revision Name     ; DE10_Lite_First_Computer ;
+-------------------+--------------------------+


+------------------------------------------------------------------------------------------------------------------------------------------------------------------+
; Flow Non-Default Global Settings                                                                                                                                 ;
+-------------------------------------+------------------------------------------------------------------------+---------------+----------------------+------------+
; Assignment Name                     ; Value                                                                  ; Default Value ; Entity Name          ; Section Id ;
+-------------------------------------+------------------------------------------------------------------------+---------------+----------------------+------------+
; COMPILER_SIGNATURE_ID               ; 106258773477552.152527903209688                                        ; --            ; --                   ; --         ;
; MAX_CORE_JUNCTION_TEMP              ; 85                                                                     ; --            ; --                   ; --         ;
; MIN_CORE_JUNCTION_TEMP              ; 0                                                                      ; --            ; --                   ; --         ;
; MISC_FILE                           ; NiosII_esercitazione/synthesis/../NiosII_esercitazione.cmp             ; --            ; --                   ; --         ;
; MISC_FILE                           ; NiosII_esercitazione/synthesis/../../NiosII_esercitazione.qsys         ; --            ; --                   ; --         ;
; OUTPUT_IO_TIMING_FAR_END_VMEAS      ; Half Signal Swing                                                      ; --            ; --                   ; --         ;
; OUTPUT_IO_TIMING_FAR_END_VMEAS      ; Half Signal Swing                                                      ; --            ; --                   ; --         ;
; OUTPUT_IO_TIMING_NEAR_END_VMEAS     ; Half Vccio                                                             ; --            ; --                   ; --         ;
; OUTPUT_IO_TIMING_NEAR_END_VMEAS     ; Half Vccio                                                             ; --            ; --                   ; --         ;
; PARTITION_COLOR                     ; -- (Not supported for targeted family)                                 ; --            ; --                   ; Top        ;
; PARTITION_FITTER_PRESERVATION_LEVEL ; -- (Not supported for targeted family)                                 ; --            ; --                   ; Top        ;
; PARTITION_NETLIST_TYPE              ; -- (Not supported for targeted family)                                 ; --            ; --                   ; Top        ;
; POWER_BOARD_THERMAL_MODEL           ; None (CONSERVATIVE)                                                    ; --            ; --                   ; --         ;
; POWER_PRESET_COOLING_SOLUTION       ; 23 MM HEAT SINK WITH 200 LFPM AIRFLOW                                  ; --            ; --                   ; --         ;
; SLD_FILE                            ; NiosII_esercitazione/synthesis/NiosII_esercitazione.regmap             ; --            ; --                   ; --         ;
; SLD_FILE                            ; NiosII_esercitazione/synthesis/NiosII_esercitazione.debuginfo          ; --            ; --                   ; --         ;
; SLD_INFO                            ; QSYS_NAME NiosII_esercitazione HAS_SOPCINFO 1 GENERATION_ID 1525278600 ; --            ; NiosII_esercitazione ; --         ;
; SOPCINFO_FILE                       ; NiosII_esercitazione/synthesis/../../NiosII_esercitazione.sopcinfo     ; --            ; --                   ; --         ;
; SYNTHESIS_ONLY_QIP                  ; On                                                                     ; --            ; --                   ; --         ;
+-------------------------------------+------------------------------------------------------------------------+---------------+----------------------+------------+


+-------------------------------------------------------------------------------------------------------------------------------+
; Flow Elapsed Time                                                                                                             ;
+---------------------------+--------------+-------------------------+---------------------+------------------------------------+
; Module Name               ; Elapsed Time ; Average Processors Used ; Peak Virtual Memory ; Total CPU Time (on all processors) ;
+---------------------------+--------------+-------------------------+---------------------+------------------------------------+
; Analysis & Synthesis      ; 00:01:07     ; 1.0                     ; 917 MB              ; 00:01:37                           ;
; Fitter                    ; 00:01:19     ; 1.2                     ; 1703 MB             ; 00:02:00                           ;
; Assembler                 ; 00:00:04     ; 1.0                     ; 594 MB              ; 00:00:04                           ;
; TimeQuest Timing Analyzer ; 00:00:12     ; 1.8                     ; 795 MB              ; 00:00:19                           ;
; Total                     ; 00:02:42     ; --                      ; --                  ; 00:04:00                           ;
+---------------------------+--------------+-------------------------+---------------------+------------------------------------+


+-----------------------------------------------------------------------------------------+
; Flow OS Summary                                                                         ;
+---------------------------+------------------+------------+------------+----------------+
; Module Name               ; Machine Hostname ; OS Name    ; OS Version ; Processor type ;
+---------------------------+------------------+------------+------------+----------------+
; Analysis & Synthesis      ; i7               ; Windows 10 ; 10.0       ; x86_64         ;
; Fitter                    ; i7               ; Windows 10 ; 10.0       ; x86_64         ;
; Assembler                 ; i7               ; Windows 10 ; 10.0       ; x86_64         ;
; TimeQuest Timing Analyzer ; i7               ; Windows 10 ; 10.0       ; x86_64         ;
+---------------------------+------------------+------------+------------+----------------+


------------
; Flow Log ;
------------
quartus_map --read_settings_files=on --write_settings_files=off DE10_Lite_First_Computer -c DE10_Lite_First_Computer
quartus_fit --read_settings_files=off --write_settings_files=off DE10_Lite_First_Computer -c DE10_Lite_First_Computer
quartus_asm --read_settings_files=off --write_settings_files=off DE10_Lite_First_Computer -c DE10_Lite_First_Computer
quartus_sta DE10_Lite_First_Computer -c DE10_Lite_First_Computer



